<?xml version="1.0" encoding="UTF-8"?>
<!-- Generated by org.testng.reporters.JUnitXMLReporter -->
<testsuite hostname="Rayudu-PC" ignored="0" name="Test" tests="6" failures="0" timestamp="28 May 2021 22:52:10 GMT" time="0.078" errors="0">
  <testcase name="appiumLogin" time="0.015" classname="jai.hanuman.MavenJava.AppiumTest"/>
  <testcase name="launchAppiumBrowser" time="0.0" classname="jai.hanuman.MavenJava.AppiumTest"/>
  <testcase name="RestAPILogin" time="0.001" classname="jai.hanuman.MavenJava.RestAPITest"/>
  <testcase name="launchRestAPIBrowser" time="0.001" classname="jai.hanuman.MavenJava.RestAPITest"/>
  <testcase name="launchSeleniumBrowser" time="0.0" classname="jai.hanuman.MavenJava.SeleniumTest"/>
  <testcase name="seleniumLoginLogin" time="0.0" classname="jai.hanuman.MavenJava.SeleniumTest"/>
</testsuite> <!-- Test -->
